The system is: Linux - sh: 0: getcwd() failed: No such file or directory
4.15.0-45-generic - sh: 0: getcwd() failed: No such file or directory
x86_64
Determining if the C compiler works passed with the following output:
Change Dir: /home/administrator/GoWorkspace/src/github.com/Adaickalavan/Go-Incubate/cvideoingest/build/CMakeFiles/CMakeTmp

Run Build Command:"/usr/bin/make" "cmTC_bdb3f/fast"
/usr/bin/make -f CMakeFiles/cmTC_bdb3f.dir/build.make CMakeFiles/cmTC_bdb3f.dir/build
make[1]: Entering directory '/home/administrator/GoWorkspace/src/github.com/Adaickalavan/Go-Incubate/cvideoingest/build/CMakeFiles/CMakeTmp'
Building C object CMakeFiles/cmTC_bdb3f.dir/testCCompiler.c.o
/usr/bin/gcc-7    -o CMakeFiles/cmTC_bdb3f.dir/testCCompiler.c.o   -c /home/administrator/GoWorkspace/src/github.com/Adaickalavan/Go-Incubate/cvideoingest/build/CMakeFiles/CMakeTmp/testCCompiler.c
Linking C executable cmTC_bdb3f
/usr/bin/cmake -E cmake_link_script CMakeFiles/cmTC_bdb3f.dir/link.txt --verbose=1
/usr/bin/gcc-7      CMakeFiles/cmTC_bdb3f.dir/testCCompiler.c.o  -o cmTC_bdb3f 
make[1]: Leaving directory '/home/administrator/GoWorkspace/src/github.com/Adaickalavan/Go-Incubate/cvideoingest/build/CMakeFiles/CMakeTmp'


Detecting C compiler ABI info compiled with the following output:
Change Dir: /home/administrator/GoWorkspace/src/github.com/Adaickalavan/Go-Incubate/cvideoingest/build/CMakeFiles/CMakeTmp

Run Build Command:"/usr/bin/make" "cmTC_1aa1e/fast"
/usr/bin/make -f CMakeFiles/cmTC_1aa1e.dir/build.make CMakeFiles/cmTC_1aa1e.dir/build
make[1]: Entering directory '/home/administrator/GoWorkspace/src/github.com/Adaickalavan/Go-Incubate/cvideoingest/build/CMakeFiles/CMakeTmp'
Building C object CMakeFiles/cmTC_1aa1e.dir/CMakeCCompilerABI.c.o
/usr/bin/gcc-7    -o CMakeFiles/cmTC_1aa1e.dir/CMakeCCompilerABI.c.o   -c /usr/share/cmake-3.10/Modules/CMakeCCompilerABI.c
Linking C executable cmTC_1aa1e
/usr/bin/cmake -E cmake_link_script CMakeFiles/cmTC_1aa1e.dir/link.txt --verbose=1
/usr/bin/gcc-7      CMakeFiles/cmTC_1aa1e.dir/CMakeCCompilerABI.c.o  -o cmTC_1aa1e 
make[1]: Leaving directory '/home/administrator/GoWorkspace/src/github.com/Adaickalavan/Go-Incubate/cvideoingest/build/CMakeFiles/CMakeTmp'


Determining if the CXX compiler works passed with the following output:
Change Dir: /home/administrator/GoWorkspace/src/github.com/Adaickalavan/Go-Incubate/cvideoingest/build/CMakeFiles/CMakeTmp

Run Build Command:"/usr/bin/make" "cmTC_9e1bd/fast"
/usr/bin/make -f CMakeFiles/cmTC_9e1bd.dir/build.make CMakeFiles/cmTC_9e1bd.dir/build
make[1]: Entering directory '/home/administrator/GoWorkspace/src/github.com/Adaickalavan/Go-Incubate/cvideoingest/build/CMakeFiles/CMakeTmp'
Building CXX object CMakeFiles/cmTC_9e1bd.dir/testCXXCompiler.cxx.o
/usr/bin/g++-7     -o CMakeFiles/cmTC_9e1bd.dir/testCXXCompiler.cxx.o -c /home/administrator/GoWorkspace/src/github.com/Adaickalavan/Go-Incubate/cvideoingest/build/CMakeFiles/CMakeTmp/testCXXCompiler.cxx
Linking CXX executable cmTC_9e1bd
/usr/bin/cmake -E cmake_link_script CMakeFiles/cmTC_9e1bd.dir/link.txt --verbose=1
/usr/bin/g++-7       CMakeFiles/cmTC_9e1bd.dir/testCXXCompiler.cxx.o  -o cmTC_9e1bd 
make[1]: Leaving directory '/home/administrator/GoWorkspace/src/github.com/Adaickalavan/Go-Incubate/cvideoingest/build/CMakeFiles/CMakeTmp'


Detecting CXX compiler ABI info compiled with the following output:
Change Dir: /home/administrator/GoWorkspace/src/github.com/Adaickalavan/Go-Incubate/cvideoingest/build/CMakeFiles/CMakeTmp

Run Build Command:"/usr/bin/make" "cmTC_1edee/fast"
/usr/bin/make -f CMakeFiles/cmTC_1edee.dir/build.make CMakeFiles/cmTC_1edee.dir/build
make[1]: Entering directory '/home/administrator/GoWorkspace/src/github.com/Adaickalavan/Go-Incubate/cvideoingest/build/CMakeFiles/CMakeTmp'
Building CXX object CMakeFiles/cmTC_1edee.dir/CMakeCXXCompilerABI.cpp.o
/usr/bin/g++-7     -o CMakeFiles/cmTC_1edee.dir/CMakeCXXCompilerABI.cpp.o -c /usr/share/cmake-3.10/Modules/CMakeCXXCompilerABI.cpp
Linking CXX executable cmTC_1edee
/usr/bin/cmake -E cmake_link_script CMakeFiles/cmTC_1edee.dir/link.txt --verbose=1
/usr/bin/g++-7       CMakeFiles/cmTC_1edee.dir/CMakeCXXCompilerABI.cpp.o  -o cmTC_1edee 
make[1]: Leaving directory '/home/administrator/GoWorkspace/src/github.com/Adaickalavan/Go-Incubate/cvideoingest/build/CMakeFiles/CMakeTmp'


