The system is: Linux - sh: 0: getcwd() failed: No such file or directory
4.15.0-45-generic - sh: 0: getcwd() failed: No such file or directory
x86_64
Determining if the C compiler works passed with the following output:
Change Dir: /home/administrator/GoWorkspace/src/github.com/Adaickalavan/Go-Incubate/cvideoingest/build/CMakeFiles/CMakeTmp

Run Build Command:"/usr/bin/make" "cmTC_39244/fast"
/usr/bin/make -f CMakeFiles/cmTC_39244.dir/build.make CMakeFiles/cmTC_39244.dir/build
make[1]: Entering directory '/home/administrator/GoWorkspace/src/github.com/Adaickalavan/Go-Incubate/cvideoingest/build/CMakeFiles/CMakeTmp'
Building C object CMakeFiles/cmTC_39244.dir/testCCompiler.c.o
/usr/bin/gcc-7    -o CMakeFiles/cmTC_39244.dir/testCCompiler.c.o   -c /home/administrator/GoWorkspace/src/github.com/Adaickalavan/Go-Incubate/cvideoingest/build/CMakeFiles/CMakeTmp/testCCompiler.c
Linking C executable cmTC_39244
/usr/bin/cmake -E cmake_link_script CMakeFiles/cmTC_39244.dir/link.txt --verbose=1
/usr/bin/gcc-7      CMakeFiles/cmTC_39244.dir/testCCompiler.c.o  -o cmTC_39244 
make[1]: Leaving directory '/home/administrator/GoWorkspace/src/github.com/Adaickalavan/Go-Incubate/cvideoingest/build/CMakeFiles/CMakeTmp'


Detecting C compiler ABI info compiled with the following output:
Change Dir: /home/administrator/GoWorkspace/src/github.com/Adaickalavan/Go-Incubate/cvideoingest/build/CMakeFiles/CMakeTmp

Run Build Command:"/usr/bin/make" "cmTC_05127/fast"
/usr/bin/make -f CMakeFiles/cmTC_05127.dir/build.make CMakeFiles/cmTC_05127.dir/build
make[1]: Entering directory '/home/administrator/GoWorkspace/src/github.com/Adaickalavan/Go-Incubate/cvideoingest/build/CMakeFiles/CMakeTmp'
Building C object CMakeFiles/cmTC_05127.dir/CMakeCCompilerABI.c.o
/usr/bin/gcc-7    -o CMakeFiles/cmTC_05127.dir/CMakeCCompilerABI.c.o   -c /usr/share/cmake-3.10/Modules/CMakeCCompilerABI.c
Linking C executable cmTC_05127
/usr/bin/cmake -E cmake_link_script CMakeFiles/cmTC_05127.dir/link.txt --verbose=1
/usr/bin/gcc-7      CMakeFiles/cmTC_05127.dir/CMakeCCompilerABI.c.o  -o cmTC_05127 
make[1]: Leaving directory '/home/administrator/GoWorkspace/src/github.com/Adaickalavan/Go-Incubate/cvideoingest/build/CMakeFiles/CMakeTmp'


Determining if the CXX compiler works passed with the following output:
Change Dir: /home/administrator/GoWorkspace/src/github.com/Adaickalavan/Go-Incubate/cvideoingest/build/CMakeFiles/CMakeTmp

Run Build Command:"/usr/bin/make" "cmTC_20b64/fast"
/usr/bin/make -f CMakeFiles/cmTC_20b64.dir/build.make CMakeFiles/cmTC_20b64.dir/build
make[1]: Entering directory '/home/administrator/GoWorkspace/src/github.com/Adaickalavan/Go-Incubate/cvideoingest/build/CMakeFiles/CMakeTmp'
Building CXX object CMakeFiles/cmTC_20b64.dir/testCXXCompiler.cxx.o
/usr/bin/g++-7     -o CMakeFiles/cmTC_20b64.dir/testCXXCompiler.cxx.o -c /home/administrator/GoWorkspace/src/github.com/Adaickalavan/Go-Incubate/cvideoingest/build/CMakeFiles/CMakeTmp/testCXXCompiler.cxx
Linking CXX executable cmTC_20b64
/usr/bin/cmake -E cmake_link_script CMakeFiles/cmTC_20b64.dir/link.txt --verbose=1
/usr/bin/g++-7       CMakeFiles/cmTC_20b64.dir/testCXXCompiler.cxx.o  -o cmTC_20b64 
make[1]: Leaving directory '/home/administrator/GoWorkspace/src/github.com/Adaickalavan/Go-Incubate/cvideoingest/build/CMakeFiles/CMakeTmp'


Detecting CXX compiler ABI info compiled with the following output:
Change Dir: /home/administrator/GoWorkspace/src/github.com/Adaickalavan/Go-Incubate/cvideoingest/build/CMakeFiles/CMakeTmp

Run Build Command:"/usr/bin/make" "cmTC_0fd37/fast"
/usr/bin/make -f CMakeFiles/cmTC_0fd37.dir/build.make CMakeFiles/cmTC_0fd37.dir/build
make[1]: Entering directory '/home/administrator/GoWorkspace/src/github.com/Adaickalavan/Go-Incubate/cvideoingest/build/CMakeFiles/CMakeTmp'
Building CXX object CMakeFiles/cmTC_0fd37.dir/CMakeCXXCompilerABI.cpp.o
/usr/bin/g++-7     -o CMakeFiles/cmTC_0fd37.dir/CMakeCXXCompilerABI.cpp.o -c /usr/share/cmake-3.10/Modules/CMakeCXXCompilerABI.cpp
Linking CXX executable cmTC_0fd37
/usr/bin/cmake -E cmake_link_script CMakeFiles/cmTC_0fd37.dir/link.txt --verbose=1
/usr/bin/g++-7       CMakeFiles/cmTC_0fd37.dir/CMakeCXXCompilerABI.cpp.o  -o cmTC_0fd37 
make[1]: Leaving directory '/home/administrator/GoWorkspace/src/github.com/Adaickalavan/Go-Incubate/cvideoingest/build/CMakeFiles/CMakeTmp'


